<?xml version="1.0" encoding="UTF-8"?>
<testsuite xmlns:xsi="http://www.w3.org/2001/XMLSchema-instance" xsi:noNamespaceSchemaLocation="https://maven.apache.org/surefire/maven-surefire-plugin/xsd/surefire-test-report-3.0.xsd" version="3.0" name="com.github.mcruzdev.quarkus.openapi.k6.generator.test.QuarkusOpenapiK6GeneratorTest" time="4.143" tests="1" errors="0" skipped="0" failures="0">
  <properties>
[...]
</properties>
  <testcase name="writeYourOwnUnitTest" classname="com.github.mcruzdev.quarkus.openapi.k6.generator.test.QuarkusOpenapiK6GeneratorTest" time="0.005">
    <system-out><![CDATA[2023-09-03 01:25:10,712 INFO  [io.quarkus] (main) quarkus-openapi-k6-generator-deployment 1.0.0-SNAPSHOT on JVM (powered by Quarkus 3.3.1) started in 0.310s. 
2023-09-03 01:25:10,713 INFO  [io.quarkus] (main) Profile test activated. 
2023-09-03 01:25:10,713 INFO  [io.quarkus] (main) Installed features: [cdi]
]]></system-out>
  </testcase>
</testsuite>